<?xml version="1.0" encoding="UTF-8"?>
<testsuite name="tracker.SampleTest" tests="1" skipped="0" failures="0" errors="0" timestamp="2022-08-06T13:52:09" hostname="Bodams-MBP" time="0.016">
  <properties/>
  <testcase name="test()" classname="tracker.SampleTest" time="0.016"/>
  <system-out><![CDATA[]]></system-out>
  <system-err><![CDATA[]]></system-err>
</testsuite>
